src/app/modules/asset/assets.controllers.ts(49,53): error TS2345: Argument of type 'string | string[]' is not assignable to parameter of type 'string'.
src/app/modules/asset/assets.controllers.ts(65,52): error TS2345: Argument of type 'string | string[]' is not assignable to parameter of type 'string'.
src/app/modules/asset/assets.controllers.ts(81,52): error TS2345: Argument of type 'string | string[]' is not assignable to parameter of type 'string'.
src/app/modules/asset/assets.controllers.ts(97,66): error TS2345: Argument of type 'string | string[]' is not assignable to parameter of type 'string'.
src/app/modules/asset/assets.controllers.ts(113,60): error TS2345: Argument of type 'string | string[]' is not assignable to parameter of type 'string'.
src/app/modules/asset/assets.services.ts(1237,36): error TS2339: Property 'length' does not exist on type 'any[] | QueryResult<never>'.
src/app/modules/brand/brand.controllers.ts(49,51): error TS2345: Argument of type 'string | string[]' is not assignable to parameter of type 'string'.
src/app/modules/brand/brand.controllers.ts(65,50): error TS2345: Argument of type 'string | string[]' is not assignable to parameter of type 'string'.
src/app/modules/brand/brand.controllers.ts(81,50): error TS2345: Argument of type 'string | string[]' is not assignable to parameter of type 'string'.
src/app/modules/collection/collection.controllers.ts(47,63): error TS2345: Argument of type 'string | string[]' is not assignable to parameter of type 'string'.
src/app/modules/collection/collection.controllers.ts(62,62): error TS2345: Argument of type 'string | string[]' is not assignable to parameter of type 'string'.
src/app/modules/collection/collection.controllers.ts(77,62): error TS2345: Argument of type 'string | string[]' is not assignable to parameter of type 'string'.
src/app/modules/collection/collection.controllers.ts(97,63): error TS2345: Argument of type 'string | string[]' is not assignable to parameter of type 'string'.
src/app/modules/collection/collection.controllers.ts(112,66): error TS2345: Argument of type 'string | string[]' is not assignable to parameter of type 'string'.
src/app/modules/collection/collection.controllers.ts(127,66): error TS2345: Argument of type 'string | string[]' is not assignable to parameter of type 'string'.
src/app/modules/collection/collection.controllers.ts(144,9): error TS2345: Argument of type 'string | string[]' is not assignable to parameter of type 'string'.
src/app/modules/company/company.controllers.ts(48,55): error TS2345: Argument of type 'string | string[]' is not assignable to parameter of type 'string'.
src/app/modules/company/company.controllers.ts(64,54): error TS2345: Argument of type 'string | string[]' is not assignable to parameter of type 'string'.
src/app/modules/company/company.controllers.ts(79,54): error TS2345: Argument of type 'string | string[]' is not assignable to parameter of type 'string'.
src/app/modules/invoice/invoice.controllers.ts(18,9): error TS2345: Argument of type 'string | string[]' is not assignable to parameter of type 'string'.
src/app/modules/invoice/invoice.controllers.ts(38,9): error TS2345: Argument of type 'string | string[]' is not assignable to parameter of type 'string'.
src/app/modules/invoice/invoice.controllers.ts(61,17): error TS2769: No overload matches this call.
src/app/modules/invoice/invoice.controllers.ts(109,9): error TS2345: Argument of type 'string | string[]' is not assignable to parameter of type 'string'.
src/app/modules/invoice/invoice.controllers.ts(149,13): error TS2769: No overload matches this call.
src/app/modules/invoice/invoice.controllers.ts(161,51): error TS2339: Property 'name' does not exist on type '{ [x: string]: any; } | { [x: string]: any; }[]'.
src/app/modules/invoice/invoice.services.ts(411,37): error TS2339: Property 'name' does not exist on type '{ [x: string]: any; } | { [x: string]: any; }[]'.
src/app/modules/invoice/invoice.services.ts(445,46): error TS2339: Property 'name' does not exist on type '{ [x: string]: any; } | { [x: string]: any; }[]'.
src/app/modules/invoice/invoice.services.ts(477,45): error TS2339: Property 'name' does not exist on type '{ [x: string]: any; } | { [x: string]: any; }[]'.
src/app/modules/notification-logs/notification-logs.controllers.ts(45,66): error TS2345: Argument of type 'string | string[]' is not assignable to parameter of type 'string'.
src/app/modules/notification-logs/notification-logs.services.ts(154,29): error TS2339: Property 'id' does not exist on type '{ [x: string]: any; } | { [x: string]: any; }[]'.
src/app/modules/notification-logs/notification-logs.services.ts(155,34): error TS2339: Property 'order_id' does not exist on type '{ [x: string]: any; } | { [x: string]: any; }[]'.
src/app/modules/notification-logs/notification-logs.services.ts(156,38): error TS2339: Property 'company' does not exist on type '{ [x: string]: any; } | { [x: string]: any; }[]'.
src/app/modules/order-line-items/order-line-items.controllers.ts(10,65): error TS2345: Argument of type 'string | string[]' is not assignable to parameter of type 'string'.
src/app/modules/order-line-items/order-line-items.controllers.ts(65,5): error TS2345: Argument of type 'string | string[]' is not assignable to parameter of type 'string'.
src/app/modules/order-line-items/order-line-items.controllers.ts(88,5): error TS2345: Argument of type 'string | string[]' is not assignable to parameter of type 'string'.
src/app/modules/order/order-cancellation.service.ts(145,24): error TS2304: Cannot find name 'pendingReskins'.
src/app/modules/order/order.controllers.ts(149,53): error TS2345: Argument of type 'string | string[]' is not assignable to parameter of type 'string'.
src/app/modules/order/order.controllers.ts(165,56): error TS2345: Argument of type 'string | string[]' is not assignable to parameter of type 'string'.
src/app/modules/order/order.controllers.ts(180,59): error TS2345: Argument of type 'string | string[]' is not assignable to parameter of type 'string'.
src/app/modules/order/order.controllers.ts(197,9): error TS2345: Argument of type 'string | string[]' is not assignable to parameter of type 'string'.
src/app/modules/order/order.controllers.ts(217,62): error TS2345: Argument of type 'string | string[]' is not assignable to parameter of type 'string'.
src/app/modules/order/order.controllers.ts(233,9): error TS2345: Argument of type 'string | string[]' is not assignable to parameter of type 'string'.
src/app/modules/order/order.controllers.ts(269,63): error TS2345: Argument of type 'string | string[]' is not assignable to parameter of type 'string'.
src/app/modules/order/order.controllers.ts(286,9): error TS2345: Argument of type 'string | string[]' is not assignable to parameter of type 'string'.
src/app/modules/order/order.controllers.ts(307,9): error TS2345: Argument of type 'string | string[]' is not assignable to parameter of type 'string'.
src/app/modules/order/order.controllers.ts(328,9): error TS2345: Argument of type 'string | string[]' is not assignable to parameter of type 'string'.
src/app/modules/order/order.controllers.ts(349,9): error TS2345: Argument of type 'string | string[]' is not assignable to parameter of type 'string'.
src/app/modules/order/order.controllers.ts(370,9): error TS2345: Argument of type 'string | string[]' is not assignable to parameter of type 'string'.
src/app/modules/order/order.controllers.ts(414,9): error TS2345: Argument of type 'string | string[]' is not assignable to parameter of type 'string'.
src/app/modules/order/order.controllers.ts(431,58): error TS2345: Argument of type 'string | string[]' is not assignable to parameter of type 'string'.
src/app/modules/order/order.controllers.ts(452,58): error TS2345: Argument of type 'string | string[]' is not assignable to parameter of type 'string'.
src/app/modules/order/order.controllers.ts(473,58): error TS2345: Argument of type 'string | string[]' is not assignable to parameter of type 'string'.
src/app/modules/order/order.controllers.ts(490,52): error TS2345: Argument of type 'string | string[]' is not assignable to parameter of type 'string'.
src/app/modules/order/order.services.ts(86,49): error TS2339: Property 'id' does not exist on type '{ status: "AVAILABLE" | "BOOKED"; available_quantity: number; }'.
src/app/modules/order/order.services.ts(87,45): error TS2339: Property 'volume_per_unit' does not exist on type '{ status: "AVAILABLE" | "BOOKED"; available_quantity: number; }'.
src/app/modules/order/order.services.ts(88,45): error TS2339: Property 'weight_per_unit' does not exist on type '{ status: "AVAILABLE" | "BOOKED"; available_quantity: number; }'.
src/app/modules/order/order.services.ts(104,29): error TS2339: Property 'id' does not exist on type '{ status: "AVAILABLE" | "BOOKED"; available_quantity: number; }'.
src/app/modules/order/order.services.ts(105,31): error TS2339: Property 'name' does not exist on type '{ status: "AVAILABLE" | "BOOKED"; available_quantity: number; }'.
src/app/modules/order/order.services.ts(107,36): error TS2339: Property 'volume_per_unit' does not exist on type '{ status: "AVAILABLE" | "BOOKED"; available_quantity: number; }'.
src/app/modules/order/order.services.ts(108,36): error TS2339: Property 'weight_per_unit' does not exist on type '{ status: "AVAILABLE" | "BOOKED"; available_quantity: number; }'.
src/app/modules/order/order.services.ts(111,36): error TS2339: Property 'condition_notes' does not exist on type '{ status: "AVAILABLE" | "BOOKED"; available_quantity: number; }'.
src/app/modules/order/order.services.ts(112,34): error TS2339: Property 'handling_tags' does not exist on type '{ status: "AVAILABLE" | "BOOKED"; available_quantity: number; }'.
src/app/modules/order/order.services.ts(1008,47): error TS2339: Property 'platform_margin_percent' does not exist on type '{ [x: string]: any; } | { [x: string]: any; }[]'.
src/app/modules/order/order.services.ts(1009,103): error TS2339: Property 'platform_margin_percent' does not exist on type '{ [x: string]: any; } | { [x: string]: any; }[]'.
src/app/modules/order/order.services.ts(1045,41): error TS2339: Property 'name' does not exist on type '{ [x: string]: any; } | { [x: string]: any; }[]'.
src/app/modules/order/order.services.ts(1065,31): error TS2339: Property 'id' does not exist on type '{ [x: string]: any; } | { [x: string]: any; }[]'.
src/app/modules/order/order.services.ts(1066,33): error TS2339: Property 'name' does not exist on type '{ [x: string]: any; } | { [x: string]: any; }[]'.
src/app/modules/order/order.services.ts(1391,35): error TS2339: Property 'id' does not exist on type '{ [x: string]: any; } | { [x: string]: any; }[]'.
src/app/modules/order/order.services.ts(1392,37): error TS2339: Property 'name' does not exist on type '{ [x: string]: any; } | { [x: string]: any; }[]'.
src/app/modules/order/order.services.ts(1393,56): error TS2339: Property 'platform_margin_percent' does not exist on type '{ [x: string]: any; } | { [x: string]: any; }[]'.
src/app/modules/order/order.services.ts(1398,40): error TS2339: Property 'id' does not exist on type '{ [x: string]: any; } | { [x: string]: any; }[]'.
src/app/modules/order/order.services.ts(1399,45): error TS2339: Property 'country' does not exist on type '{ [x: string]: any; } | { [x: string]: any; }[]'.
src/app/modules/order/order.services.ts(1400,42): error TS2339: Property 'city' does not exist on type '{ [x: string]: any; } | { [x: string]: any; }[]'.
src/app/modules/order/order.services.ts(1401,48): error TS2339: Property 'volume_min' does not exist on type '{ [x: string]: any; } | { [x: string]: any; }[]'.
src/app/modules/order/order.services.ts(1402,48): error TS2339: Property 'volume_max' does not exist on type '{ [x: string]: any; } | { [x: string]: any; }[]'.
src/app/modules/order/order.services.ts(1403,48): error TS2339: Property 'base_price' does not exist on type '{ [x: string]: any; } | { [x: string]: any; }[]'.
src/app/modules/order/order.services.ts(1614,37): error TS2339: Property 'name' does not exist on type '{ [x: string]: any; } | { [x: string]: any; }[]'.
src/app/modules/order/order.services.ts(1760,37): error TS2339: Property 'name' does not exist on type '{ [x: string]: any; } | { [x: string]: any; }[]'.
src/app/modules/order/order.services.ts(1796,41): error TS2339: Property 'name' does not exist on type '{ [x: string]: any; } | { [x: string]: any; }[]'.
src/app/modules/order/order.services.ts(1877,56): error TS2339: Property 'refurb_days_estimate' does not exist on type '{ status: "AVAILABLE" | "BOOKED"; available_quantity: number; }'.
src/app/modules/order/order.services.ts(1881,70): error TS2339: Property 'id' does not exist on type '{ status: "AVAILABLE" | "BOOKED"; available_quantity: number; }'.
src/app/modules/order/order.services.ts(1884,28): error TS2339: Property 'id' does not exist on type '{ status: "AVAILABLE" | "BOOKED"; available_quantity: number; }'.
src/app/modules/order/order.services.ts(1900,44): error TS2339: Property 'id' does not exist on type '{ status: "AVAILABLE" | "BOOKED"; available_quantity: number; }'.
src/app/modules/order/order.services.ts(1933,23): error TS2304: Cannot find name 'nextStatus'.
src/app/modules/order/order.services.ts(2233,79): error TS2339: Property 'platform_margin_percent' does not exist on type '{ [x: string]: any; } | { [x: string]: any; }[]'.
src/app/modules/pricing-config/pricing-config.controllers.ts(23,63): error TS2345: Argument of type 'string | string[]' is not assignable to parameter of type 'string'.
src/app/modules/pricing-config/pricing-config.controllers.ts(52,5): error TS2345: Argument of type 'string | string[]' is not assignable to parameter of type 'string'.
src/app/modules/pricing-config/pricing-config.controllers.ts(69,53): error TS2345: Argument of type 'string | string[]' is not assignable to parameter of type 'string'.
src/app/modules/pricing-tier/pricing-tier.controllers.ts(45,65): error TS2345: Argument of type 'string | string[]' is not assignable to parameter of type 'string'.
src/app/modules/pricing-tier/pricing-tier.controllers.ts(61,64): error TS2345: Argument of type 'string | string[]' is not assignable to parameter of type 'string'.
src/app/modules/pricing-tier/pricing-tier.controllers.ts(76,64): error TS2345: Argument of type 'string | string[]' is not assignable to parameter of type 'string'.
src/app/modules/reskin-requests/reskin-requests.controllers.ts(10,68): error TS2345: Argument of type 'string | string[]' is not assignable to parameter of type 'string'.
src/app/modules/reskin-requests/reskin-requests.controllers.ts(31,5): error TS2345: Argument of type 'string | string[]' is not assignable to parameter of type 'string'.
src/app/modules/reskin-requests/reskin-requests.controllers.ts(54,5): error TS2345: Argument of type 'string | string[]' is not assignable to parameter of type 'string'.
src/app/modules/reskin-requests/reskin-requests.controllers.ts(78,5): error TS2345: Argument of type 'string | string[]' is not assignable to parameter of type 'string'.
src/app/modules/reskin-requests/reskin-requests.services.ts(103,7): error TS2552: Cannot find name 'platform_id'. Did you mean 'platformId'?
src/app/modules/reskin-requests/reskin-requests.services.ts(121,5): error TS2552: Cannot find name 'platform_id'. Did you mean 'platformId'?
src/app/modules/reskin-requests/reskin-requests.services.ts(126,5): error TS2322: Type 'string | null' is not assignable to type 'string | undefined'.
src/app/modules/reskin-requests/reskin-requests.services.ts(176,9): error TS2488: Type 'any[] | QueryResult<never>' must have a '[Symbol.iterator]()' method that returns an iterator.
src/app/modules/scanning/scanning.controllers.ts(13,9): error TS2345: Argument of type 'string | string[]' is not assignable to parameter of type 'string'.
src/app/modules/scanning/scanning.controllers.ts(37,9): error TS2345: Argument of type 'string | string[]' is not assignable to parameter of type 'string'.
src/app/modules/scanning/scanning.controllers.ts(57,9): error TS2345: Argument of type 'string | string[]' is not assignable to parameter of type 'string'.
src/app/modules/scanning/scanning.controllers.ts(83,9): error TS2345: Argument of type 'string | string[]' is not assignable to parameter of type 'string'.
src/app/modules/scanning/scanning.controllers.ts(104,9): error TS2345: Argument of type 'string | string[]' is not assignable to parameter of type 'string'.
src/app/modules/scanning/scanning.controllers.ts(124,9): error TS2345: Argument of type 'string | string[]' is not assignable to parameter of type 'string'.
src/app/modules/scanning/scanning.services.ts(388,37): error TS2339: Property 'name' does not exist on type '{ [x: string]: any; } | { [x: string]: any; }[]'.
src/app/modules/service-types/service-types.controllers.ts(23,69): error TS2345: Argument of type 'string | string[]' is not assignable to parameter of type 'string'.
src/app/modules/service-types/service-types.controllers.ts(51,68): error TS2345: Argument of type 'string | string[]' is not assignable to parameter of type 'string'.
src/app/modules/service-types/service-types.controllers.ts(65,48): error TS2345: Argument of type 'string | string[]' is not assignable to parameter of type 'string'.
src/app/modules/transport-rates/transport-rates.controllers.ts(23,66): error TS2345: Argument of type 'string | string[]' is not assignable to parameter of type 'string'.
src/app/modules/transport-rates/transport-rates.controllers.ts(51,65): error TS2345: Argument of type 'string | string[]' is not assignable to parameter of type 'string'.
src/app/modules/transport-rates/transport-rates.controllers.ts(65,52): error TS2345: Argument of type 'string | string[]' is not assignable to parameter of type 'string'.
src/app/modules/user/user.controllers.ts(48,49): error TS2345: Argument of type 'string | string[]' is not assignable to parameter of type 'string'.
src/app/modules/user/user.controllers.ts(64,48): error TS2345: Argument of type 'string | string[]' is not assignable to parameter of type 'string'.
src/app/modules/warehouse/warehouse.controllers.ts(47,61): error TS2345: Argument of type 'string | string[]' is not assignable to parameter of type 'string'.
src/app/modules/warehouse/warehouse.controllers.ts(62,60): error TS2345: Argument of type 'string | string[]' is not assignable to parameter of type 'string'.
src/app/modules/warehouse/warehouse.controllers.ts(77,60): error TS2345: Argument of type 'string | string[]' is not assignable to parameter of type 'string'.
src/app/modules/zone/zone.controllers.ts(49,51): error TS2345: Argument of type 'string | string[]' is not assignable to parameter of type 'string'.
src/app/modules/zone/zone.controllers.ts(65,50): error TS2345: Argument of type 'string | string[]' is not assignable to parameter of type 'string'.
src/app/modules/zone/zone.controllers.ts(81,50): error TS2345: Argument of type 'string | string[]' is not assignable to parameter of type 'string'.
src/db/schema.ts(407,14): error TS7022: 'assets' implicitly has type 'any' because it does not have a type annotation and is referenced directly or indirectly in its own initializer.
src/db/schema.ts(452,59): error TS7024: Function implicitly has return type 'any' because it does not have a return type annotation and is referenced directly or indirectly in one of its return expressions.
